[2021-04-13 14:51:55,351] INFO Starting the log cleaner (kafka.log.LogCleaner)
[2021-04-13 14:51:55,439] INFO [kafka-log-cleaner-thread-0]: Starting (kafka.log.LogCleaner)
[2022-09-06 12:43:33,214] INFO Starting the log cleaner (kafka.log.LogCleaner)
[2022-09-06 12:43:33,243] INFO [kafka-log-cleaner-thread-0]: Starting (kafka.log.LogCleaner)
[2022-09-06 14:09:06,066] INFO Shutting down the log cleaner. (kafka.log.LogCleaner)
[2022-09-06 14:09:06,068] INFO [kafka-log-cleaner-thread-0]: Shutting down (kafka.log.LogCleaner)
[2022-09-06 14:09:06,070] INFO [kafka-log-cleaner-thread-0]: Stopped (kafka.log.LogCleaner)
[2022-09-06 14:09:06,070] INFO [kafka-log-cleaner-thread-0]: Shutdown completed (kafka.log.LogCleaner)
[2022-09-06 14:09:16,350] INFO Starting the log cleaner (kafka.log.LogCleaner)
[2022-09-06 14:09:16,406] INFO [kafka-log-cleaner-thread-0]: Starting (kafka.log.LogCleaner)
[2022-09-06 14:27:15,890] INFO The cleaning for partition test-0 is aborted and paused (kafka.log.LogCleaner)
[2022-09-06 14:27:15,890] INFO The cleaning for partition test-0 is aborted (kafka.log.LogCleaner)
[2022-09-06 14:33:25,430] INFO Starting the log cleaner (kafka.log.LogCleaner)
[2022-09-06 14:33:25,462] INFO [kafka-log-cleaner-thread-0]: Starting (kafka.log.LogCleaner)
[2022-09-06 14:33:25,980] INFO The cleaning for partition test-0 is aborted and paused (kafka.log.LogCleaner)
[2022-09-06 14:33:25,980] INFO The cleaning for partition test-0 is aborted (kafka.log.LogCleaner)
[2022-09-06 14:33:33,075] INFO Starting the log cleaner (kafka.log.LogCleaner)
[2022-09-06 14:33:33,107] INFO [kafka-log-cleaner-thread-0]: Starting (kafka.log.LogCleaner)
[2022-09-06 14:33:33,505] INFO The cleaning for partition test-0 is aborted and paused (kafka.log.LogCleaner)
[2022-09-06 14:33:33,506] INFO The cleaning for partition test-0 is aborted (kafka.log.LogCleaner)
[2022-09-06 14:35:11,139] INFO Starting the log cleaner (kafka.log.LogCleaner)
[2022-09-06 14:35:11,170] INFO [kafka-log-cleaner-thread-0]: Starting (kafka.log.LogCleaner)
[2022-09-06 14:36:09,469] INFO Shutting down the log cleaner. (kafka.log.LogCleaner)
[2022-09-06 14:36:09,470] INFO [kafka-log-cleaner-thread-0]: Shutting down (kafka.log.LogCleaner)
[2022-09-06 14:36:09,470] INFO [kafka-log-cleaner-thread-0]: Stopped (kafka.log.LogCleaner)
[2022-09-06 14:36:09,470] INFO [kafka-log-cleaner-thread-0]: Shutdown completed (kafka.log.LogCleaner)
[2022-09-06 14:36:41,008] INFO Starting the log cleaner (kafka.log.LogCleaner)
[2022-09-06 14:36:41,056] INFO [kafka-log-cleaner-thread-0]: Starting (kafka.log.LogCleaner)
[2022-09-06 15:06:12,422] INFO Shutting down the log cleaner. (kafka.log.LogCleaner)
[2022-09-06 15:06:12,423] INFO [kafka-log-cleaner-thread-0]: Shutting down (kafka.log.LogCleaner)
[2022-09-06 15:06:12,423] INFO [kafka-log-cleaner-thread-0]: Stopped (kafka.log.LogCleaner)
[2022-09-06 15:06:12,423] INFO [kafka-log-cleaner-thread-0]: Shutdown completed (kafka.log.LogCleaner)
[2022-09-06 15:06:21,390] INFO Starting the log cleaner (kafka.log.LogCleaner)
[2022-09-06 15:06:21,420] INFO [kafka-log-cleaner-thread-0]: Starting (kafka.log.LogCleaner)
[2022-09-07 10:06:51,304] INFO Starting the log cleaner (kafka.log.LogCleaner)
[2022-09-07 10:06:51,343] INFO [kafka-log-cleaner-thread-0]: Starting (kafka.log.LogCleaner)
[2022-09-08 15:10:36,169] INFO Starting the log cleaner (kafka.log.LogCleaner)
[2022-09-08 15:10:36,217] INFO [kafka-log-cleaner-thread-0]: Starting (kafka.log.LogCleaner)
[2022-09-08 15:10:37,000] INFO Shutting down the log cleaner. (kafka.log.LogCleaner)
[2022-09-08 15:10:37,001] INFO [kafka-log-cleaner-thread-0]: Shutting down (kafka.log.LogCleaner)
[2022-09-08 15:10:37,001] INFO [kafka-log-cleaner-thread-0]: Stopped (kafka.log.LogCleaner)
[2022-09-08 15:10:37,001] INFO [kafka-log-cleaner-thread-0]: Shutdown completed (kafka.log.LogCleaner)
[2022-09-08 15:10:57,353] INFO Starting the log cleaner (kafka.log.LogCleaner)
[2022-09-08 15:10:57,387] INFO [kafka-log-cleaner-thread-0]: Starting (kafka.log.LogCleaner)
[2022-11-21 16:53:07,975] INFO Starting the log cleaner (kafka.log.LogCleaner)
[2022-11-21 16:53:08,032] INFO [kafka-log-cleaner-thread-0]: Starting (kafka.log.LogCleaner)
[2022-11-21 16:58:53,709] INFO Starting the log cleaner (kafka.log.LogCleaner)
[2022-11-21 16:58:53,747] INFO [kafka-log-cleaner-thread-0]: Starting (kafka.log.LogCleaner)
